0 info it worked if it ends with ok
1 verbose cli [ '/home/ubuntu/.nvm/versions/node/v6.11.2/bin/node',
1 verbose cli   '/home/ubuntu/.nvm/versions/node/v6.11.2/bin/npm',
1 verbose cli   'install',
1 verbose cli   'rails' ]
2 info using npm@3.10.10
3 info using node@v6.11.2
4 silly loadCurrentTree Starting
5 silly install loadCurrentTree
6 silly install readLocalPackageData
7 silly fetchPackageMetaData rails
8 silly fetchNamedPackageData rails
9 silly mapToRegistry name rails
10 silly mapToRegistry using default registry
11 silly mapToRegistry registry https://registry.npmjs.org/
12 silly mapToRegistry data Result {
12 silly mapToRegistry   raw: 'rails',
12 silly mapToRegistry   scope: null,
12 silly mapToRegistry   escapedName: 'rails',
12 silly mapToRegistry   name: 'rails',
12 silly mapToRegistry   rawSpec: '',
12 silly mapToRegistry   spec: 'latest',
12 silly mapToRegistry   type: 'tag' }
13 silly mapToRegistry uri https://registry.npmjs.org/rails
14 verbose request uri https://registry.npmjs.org/rails
15 verbose request no auth needed
16 info attempt registry request try #1 at 7:27:20 PM
17 verbose request id 4405ad24c024a739
18 http request GET https://registry.npmjs.org/rails
19 http 200 https://registry.npmjs.org/rails
20 verbose headers { 'content-type': 'application/json; charset=UTF-8',
20 verbose headers   server: 'UploadServer',
20 verbose headers   'cache-control': 'max-age=300',
20 verbose headers   'last-modified': 'Thu, 14 Nov 2013 16:54:06 GMT',
20 verbose headers   etag: '"5285002e-263b"',
20 verbose headers   'x-npm-region': 'US-Central',
20 verbose headers   'content-encoding': 'gzip',
20 verbose headers   'content-length': '2318',
20 verbose headers   'accept-ranges': 'bytes',
20 verbose headers   date: 'Wed, 18 Apr 2018 19:27:21 GMT',
20 verbose headers   via: '1.1 varnish',
20 verbose headers   age: '0',
20 verbose headers   connection: 'keep-alive',
20 verbose headers   'x-served-by': 'cache-ord1737-ORD',
20 verbose headers   'x-cache': 'MISS',
20 verbose headers   'x-cache-hits': '0',
20 verbose headers   'x-timer': 'S1524079641.009106,VS0,VE73',
20 verbose headers   vary: 'Accept-Encoding, Accept' }
21 silly get cb [ 200,
21 silly get   { 'content-type': 'application/json; charset=UTF-8',
21 silly get     server: 'UploadServer',
21 silly get     'cache-control': 'max-age=300',
21 silly get     'last-modified': 'Thu, 14 Nov 2013 16:54:06 GMT',
21 silly get     etag: '"5285002e-263b"',
21 silly get     'x-npm-region': 'US-Central',
21 silly get     'content-encoding': 'gzip',
21 silly get     'content-length': '2318',
21 silly get     'accept-ranges': 'bytes',
21 silly get     date: 'Wed, 18 Apr 2018 19:27:21 GMT',
21 silly get     via: '1.1 varnish',
21 silly get     age: '0',
21 silly get     connection: 'keep-alive',
21 silly get     'x-served-by': 'cache-ord1737-ORD',
21 silly get     'x-cache': 'MISS',
21 silly get     'x-cache-hits': '0',
21 silly get     'x-timer': 'S1524079641.009106,VS0,VE73',
21 silly get     vary: 'Accept-Encoding, Accept' } ]
22 verbose get saving rails to /home/ubuntu/.npm/registry.npmjs.org/rails/.cache.json
23 verbose correctMkdir /home/ubuntu/.npm correctMkdir not in flight; initializing
24 verbose makeDirectory /home/ubuntu/.npm creation not in flight; initializing
25 silly makeDirectory /home/ubuntu/.npm uid: 1000 gid: 1000
26 silly install normalizeTree
27 silly loadCurrentTree Finishing
28 silly loadIdealTree Starting
29 silly install loadIdealTree
30 silly cloneCurrentTree Starting
31 silly install cloneCurrentTreeToIdealTree
32 silly cloneCurrentTree Finishing
33 silly loadShrinkwrap Starting
34 silly install loadShrinkwrap
35 silly loadShrinkwrap Finishing
36 silly loadAllDepsIntoIdealTree Starting
37 silly install loadAllDepsIntoIdealTree
38 silly resolveWithNewModule rails@4.1.0-beta checking installable status
39 silly cache add args [ 'rails', null ]
40 verbose cache add spec rails
41 silly cache add parsed spec Result {
41 silly cache add   raw: 'rails',
41 silly cache add   scope: null,
41 silly cache add   escapedName: 'rails',
41 silly cache add   name: 'rails',
41 silly cache add   rawSpec: '',
41 silly cache add   spec: 'latest',
41 silly cache add   type: 'tag' }
42 silly addNamed rails@latest
43 verbose addNamed "latest" is being treated as a dist-tag for rails
44 info addNameTag [ 'rails', 'latest' ]
45 silly mapToRegistry name rails
46 silly mapToRegistry using default registry
47 silly mapToRegistry registry https://registry.npmjs.org/
48 silly mapToRegistry data Result {
48 silly mapToRegistry   raw: 'rails',
48 silly mapToRegistry   scope: null,
48 silly mapToRegistry   escapedName: 'rails',
48 silly mapToRegistry   name: 'rails',
48 silly mapToRegistry   rawSpec: '',
48 silly mapToRegistry   spec: 'latest',
48 silly mapToRegistry   type: 'tag' }
49 silly mapToRegistry uri https://registry.npmjs.org/rails
50 verbose addNameTag registry:https://registry.npmjs.org/rails not in flight; fetching
51 verbose get https://registry.npmjs.org/rails not expired, no request
52 silly addNameTag next cb for rails with tag latest
53 silly addNamed rails@4.1.0-beta
54 verbose addNamed "4.1.0-beta" is a plain semver version for rails
55 silly mapToRegistry name rails
56 silly mapToRegistry using default registry
57 silly mapToRegistry registry https://registry.npmjs.org/
58 silly mapToRegistry data Result {
58 silly mapToRegistry   raw: 'rails',
58 silly mapToRegistry   scope: null,
58 silly mapToRegistry   escapedName: 'rails',
58 silly mapToRegistry   name: 'rails',
58 silly mapToRegistry   rawSpec: '',
58 silly mapToRegistry   spec: 'latest',
58 silly mapToRegistry   type: 'tag' }
59 silly mapToRegistry uri https://registry.npmjs.org/rails
60 verbose addRemoteTarball https://registry.npmjs.org/rails/-/rails-4.1.0-beta.tgz not in flight; adding
61 verbose addRemoteTarball [ 'https://registry.npmjs.org/rails/-/rails-4.1.0-beta.tgz',
61 verbose addRemoteTarball   '9eb5552e380e7ad3aaacd1e453e80bdc2566adc4' ]
62 info retry fetch attempt 1 at 7:27:21 PM
63 info attempt registry request try #1 at 7:27:21 PM
64 http fetch GET https://registry.npmjs.org/rails/-/rails-4.1.0-beta.tgz
65 http fetch 404 https://registry.npmjs.org/rails/-/rails-4.1.0-beta.tgz
66 error fetch failed https://registry.npmjs.org/rails/-/rails-4.1.0-beta.tgz
67 warn retry will retry, error on last attempt: Error: fetch failed with status code 404
68 info retry fetch attempt 2 at 7:27:31 PM
69 info attempt registry request try #1 at 7:27:31 PM
70 http fetch GET https://registry.npmjs.org/rails/-/rails-4.1.0-beta.tgz
71 http fetch 404 https://registry.npmjs.org/rails/-/rails-4.1.0-beta.tgz
72 error fetch failed https://registry.npmjs.org/rails/-/rails-4.1.0-beta.tgz
73 warn retry will retry, error on last attempt: Error: fetch failed with status code 404
74 info retry fetch attempt 3 at 7:28:32 PM
75 info attempt registry request try #1 at 7:28:32 PM
76 http fetch GET https://registry.npmjs.org/rails/-/rails-4.1.0-beta.tgz
77 http fetch 404 https://registry.npmjs.org/rails/-/rails-4.1.0-beta.tgz
78 error fetch failed https://registry.npmjs.org/rails/-/rails-4.1.0-beta.tgz
79 silly rollbackFailedOptional Starting
80 silly rollbackFailedOptional Finishing
81 silly runTopLevelLifecycles Finishing
82 silly install printInstalled
83 verbose stack Error: fetch failed with status code 404
83 verbose stack     at Request.<anonymous> (/home/ubuntu/.nvm/versions/node/v6.11.2/lib/node_modules/npm/node_modules/npm-registry-client/lib/fetch.js:51:14)
83 verbose stack     at emitOne (events.js:96:13)
83 verbose stack     at Request.emit (events.js:188:7)
83 verbose stack     at Request.onRequestResponse (/home/ubuntu/.nvm/versions/node/v6.11.2/lib/node_modules/npm/node_modules/request/request.js:954:10)
83 verbose stack     at emitOne (events.js:96:13)
83 verbose stack     at ClientRequest.emit (events.js:188:7)
83 verbose stack     at HTTPParser.parserOnIncomingClient [as onIncoming] (_http_client.js:474:21)
83 verbose stack     at HTTPParser.parserOnHeadersComplete (_http_common.js:99:23)
83 verbose stack     at TLSSocket.socketOnData (_http_client.js:363:20)
83 verbose stack     at emitOne (events.js:96:13)
84 verbose cwd /home/ubuntu/workspace
85 error Linux 4.9.80-c9
86 error argv "/home/ubuntu/.nvm/versions/node/v6.11.2/bin/node" "/home/ubuntu/.nvm/versions/node/v6.11.2/bin/npm" "install" "rails"
87 error node v6.11.2
88 error npm  v3.10.10
89 error fetch failed with status code 404
90 error If you need help, you may report this error at:
90 error     <https://github.com/npm/npm/issues>
91 verbose exit [ 1, true ]
